[Wed Jan 28 06:08:54 EST 2026] Starting full feed sync...
Removing old file `economic_reports.xml'
Transferring file `economic_reports.xml'
Removing old file `fomc_alerts.xml'
Transferring file `fomc_alerts.xml'
Removing old file `inflation.xml'
Transferring file `inflation.xml'
Removing old file `jobs_report.xml'
Transferring file `jobs_report.xml'
Removing old file `stats.xml'
Transferring file `stats.xml'
Removing old file `treasury_liquidity.xml'
Transferring file `treasury_liquidity.xml'
[Wed Jan 28 06:08:57 EST 2026] Sync completed successfully.
[Wed Jan 28 06:43:17 EST 2026] Starting full feed sync...
Removing old file `stats.xml'
Transferring file `stats.xml'
[Wed Jan 28 06:43:18 EST 2026] Sync completed successfully.
[Wed Jan 28 14:44:18 EST 2026] Starting full feed sync...
Removing old file `economic_reports.xml'
Transferring file `economic_reports.xml'
Removing old file `fomc_alerts.xml'
Transferring file `fomc_alerts.xml'
Removing old file `inflation.xml'
Transferring file `inflation.xml'
Removing old file `jobs_report.xml'
Transferring file `jobs_report.xml'
Removing old file `stats.xml'
Transferring file `stats.xml'
Removing old file `treasury_liquidity.xml'
Transferring file `treasury_liquidity.xml'
[Wed Jan 28 14:44:21 EST 2026] Sync completed successfully.
[Wed Jan 28 14:47:49 EST 2026] Starting full feed sync...
[Wed Jan 28 14:47:50 EST 2026] Sync completed successfully.
[Fri Jan 30 09:22:51 EST 2026] Starting full feed sync...
Removing old file `economic_reports.xml'
Transferring file `economic_reports.xml'
Removing old file `fomc_alerts.xml'
Transferring file `fomc_alerts.xml'
Removing old file `inflation.xml'
Transferring file `inflation.xml'
Removing old file `jobs_report.xml'
Transferring file `jobs_report.xml'
Removing old file `stats.xml'
Transferring file `stats.xml'
Removing old file `treasury_liquidity.xml'
Transferring file `treasury_liquidity.xml'
[Fri Jan 30 09:22:53 EST 2026] Sync completed successfully.
[Fri Jan 30 12:06:46 EST 2026] Starting full feed sync...
Removing old file `economic_reports.xml'
Transferring file `economic_reports.xml'
Removing old file `fomc_alerts.xml'
Transferring file `fomc_alerts.xml'
Removing old file `inflation.xml'
Transferring file `inflation.xml'
Removing old file `jobs_report.xml'
Transferring file `jobs_report.xml'
Removing old file `stats.xml'
Transferring file `stats.xml'
Removing old file `treasury_liquidity.xml'
Transferring file `treasury_liquidity.xml'
[Fri Jan 30 12:06:49 EST 2026] Sync completed successfully.
