nohup: python: No such file or directory
/opt/homebrew/Cellar/python@3.14/3.14.0/Frameworks/Python.framework/Versions/3.14/Resources/Python.app/Contents/MacOS/Python: can't open file '/Users/ernie/MarketSwarm/admin_server.py': [Errno 2] No such file or directory
/opt/homebrew/Cellar/python@3.14/3.14.0/Frameworks/Python.framework/Versions/3.14/Resources/Python.app/Contents/MacOS/Python: can't open file '/Users/ernie/MarketSwarm/admin_server.py': [Errno 2] No such file or directory
/opt/homebrew/Cellar/python@3.14/3.14.0/Frameworks/Python.framework/Versions/3.14/Resources/Python.app/Contents/MacOS/Python: can't open file '/Users/ernie/MarketSwarm/./admin_server.py': [Errno 2] No such file or directory
/opt/homebrew/Cellar/python@3.14/3.14.0/Frameworks/Python.framework/Versions/3.14/Resources/Python.app/Contents/MacOS/Python: can't open file '/Users/ernie/MarketSwarm/admin_server.py': [Errno 2] No such file or directory
/opt/homebrew/Cellar/python@3.14/3.14.0/Frameworks/Python.framework/Versions/3.14/Resources/Python.app/Contents/MacOS/Python: can't open file '/Users/ernie/MarketSwarm/admin_server.py': [Errno 2] No such file or directory
Traceback (most recent call last):
  File "/Users/ernie/MarketSwarm/scripts/admin_server.py", line 2, in <module>
    from flask import Flask, render_template, jsonify, Response
ModuleNotFoundError: No module named 'flask'
MarketSwarm Admin UI → http://localhost:5000
 * Serving Flask app 'admin_server'
 * Debug mode: off
Address already in use
Port 5000 is in use by another program. Either identify and stop that program, or start the server with a different port.
On macOS, try disabling the 'AirPlay Receiver' service from System Preferences -> General -> AirDrop & Handoff.
MarketSwarm Admin UI → http://localhost:5001
 * Serving Flask app 'admin_server'
 * Debug mode: off
[31m[1mWARNING: This is a development server. Do not use it in a production deployment. Use a production WSGI server instead.[0m
 * Running on all addresses (0.0.0.0)
 * Running on http://127.0.0.1:5001
 * Running on http://192.168.1.112:5001
[33mPress CTRL+C to quit[0m
[2025-11-20 00:18:08,588] ERROR in app: Exception on / [GET]
Traceback (most recent call last):
  File "/Users/ernie/MarketSwarm/.venv/lib/python3.14/site-packages/flask/app.py", line 1511, in wsgi_app
    response = self.full_dispatch_request()
  File "/Users/ernie/MarketSwarm/.venv/lib/python3.14/site-packages/flask/app.py", line 919, in full_dispatch_request
    rv = self.handle_user_exception(e)
  File "/Users/ernie/MarketSwarm/.venv/lib/python3.14/site-packages/flask/app.py", line 917, in full_dispatch_request
    rv = self.dispatch_request()
  File "/Users/ernie/MarketSwarm/.venv/lib/python3.14/site-packages/flask/app.py", line 902, in dispatch_request
    return self.ensure_sync(self.view_functions[rule.endpoint])(**view_args)  # type: ignore[no-any-return]
           ~~~~~~~~~~~~~~~~~~~~~~~~~~~~~~~~~~~~~~~~~~~~~~~~~~~~^^^^^^^^^^^^^
  File "/Users/ernie/MarketSwarm/scripts/admin_server.py", line 20, in index
    return render_template("index.html")
  File "/Users/ernie/MarketSwarm/.venv/lib/python3.14/site-packages/flask/templating.py", line 149, in render_template
    template = app.jinja_env.get_or_select_template(template_name_or_list)
  File "/Users/ernie/MarketSwarm/.venv/lib/python3.14/site-packages/jinja2/environment.py", line 1087, in get_or_select_template
    return self.get_template(template_name_or_list, parent, globals)
           ~~~~~~~~~~~~~~~~~^^^^^^^^^^^^^^^^^^^^^^^^^^^^^^^^^^^^^^^^
  File "/Users/ernie/MarketSwarm/.venv/lib/python3.14/site-packages/jinja2/environment.py", line 1016, in get_template
    return self._load_template(name, globals)
           ~~~~~~~~~~~~~~~~~~~^^^^^^^^^^^^^^^
  File "/Users/ernie/MarketSwarm/.venv/lib/python3.14/site-packages/jinja2/environment.py", line 975, in _load_template
    template = self.loader.load(self, name, self.make_globals(globals))
  File "/Users/ernie/MarketSwarm/.venv/lib/python3.14/site-packages/jinja2/loaders.py", line 126, in load
    source, filename, uptodate = self.get_source(environment, name)
                                 ~~~~~~~~~~~~~~~^^^^^^^^^^^^^^^^^^^
  File "/Users/ernie/MarketSwarm/.venv/lib/python3.14/site-packages/flask/templating.py", line 65, in get_source
    return self._get_source_fast(environment, template)
           ~~~~~~~~~~~~~~~~~~~~~^^^^^^^^^^^^^^^^^^^^^^^
  File "/Users/ernie/MarketSwarm/.venv/lib/python3.14/site-packages/flask/templating.py", line 99, in _get_source_fast
    raise TemplateNotFound(template)
jinja2.exceptions.TemplateNotFound: index.html
127.0.0.1 - - [20/Nov/2025 00:18:08] "[35m[1mGET / HTTP/1.1[0m" 500 -
127.0.0.1 - - [20/Nov/2025 00:18:08] "[33mGET /favicon.ico HTTP/1.1[0m" 404 -
[2025-11-20 00:21:52,033] ERROR in app: Exception on / [GET]
Traceback (most recent call last):
  File "/Users/ernie/MarketSwarm/.venv/lib/python3.14/site-packages/flask/app.py", line 1511, in wsgi_app
    response = self.full_dispatch_request()
  File "/Users/ernie/MarketSwarm/.venv/lib/python3.14/site-packages/flask/app.py", line 919, in full_dispatch_request
    rv = self.handle_user_exception(e)
  File "/Users/ernie/MarketSwarm/.venv/lib/python3.14/site-packages/flask/app.py", line 917, in full_dispatch_request
    rv = self.dispatch_request()
  File "/Users/ernie/MarketSwarm/.venv/lib/python3.14/site-packages/flask/app.py", line 902, in dispatch_request
    return self.ensure_sync(self.view_functions[rule.endpoint])(**view_args)  # type: ignore[no-any-return]
           ~~~~~~~~~~~~~~~~~~~~~~~~~~~~~~~~~~~~~~~~~~~~~~~~~~~~^^^^^^^^^^^^^
  File "/Users/ernie/MarketSwarm/scripts/admin_server.py", line 20, in index
    return render_template("index.html")
  File "/Users/ernie/MarketSwarm/.venv/lib/python3.14/site-packages/flask/templating.py", line 149, in render_template
    template = app.jinja_env.get_or_select_template(template_name_or_list)
  File "/Users/ernie/MarketSwarm/.venv/lib/python3.14/site-packages/jinja2/environment.py", line 1087, in get_or_select_template
    return self.get_template(template_name_or_list, parent, globals)
           ~~~~~~~~~~~~~~~~~^^^^^^^^^^^^^^^^^^^^^^^^^^^^^^^^^^^^^^^^
  File "/Users/ernie/MarketSwarm/.venv/lib/python3.14/site-packages/jinja2/environment.py", line 1016, in get_template
    return self._load_template(name, globals)
           ~~~~~~~~~~~~~~~~~~~^^^^^^^^^^^^^^^
  File "/Users/ernie/MarketSwarm/.venv/lib/python3.14/site-packages/jinja2/environment.py", line 975, in _load_template
    template = self.loader.load(self, name, self.make_globals(globals))
  File "/Users/ernie/MarketSwarm/.venv/lib/python3.14/site-packages/jinja2/loaders.py", line 126, in load
    source, filename, uptodate = self.get_source(environment, name)
                                 ~~~~~~~~~~~~~~~^^^^^^^^^^^^^^^^^^^
  File "/Users/ernie/MarketSwarm/.venv/lib/python3.14/site-packages/flask/templating.py", line 65, in get_source
    return self._get_source_fast(environment, template)
           ~~~~~~~~~~~~~~~~~~~~~^^^^^^^^^^^^^^^^^^^^^^^
  File "/Users/ernie/MarketSwarm/.venv/lib/python3.14/site-packages/flask/templating.py", line 99, in _get_source_fast
    raise TemplateNotFound(template)
jinja2.exceptions.TemplateNotFound: index.html
127.0.0.1 - - [20/Nov/2025 00:21:52] "[35m[1mGET / HTTP/1.1[0m" 500 -
[2025-11-20 00:21:53,296] ERROR in app: Exception on / [GET]
Traceback (most recent call last):
  File "/Users/ernie/MarketSwarm/.venv/lib/python3.14/site-packages/flask/app.py", line 1511, in wsgi_app
    response = self.full_dispatch_request()
  File "/Users/ernie/MarketSwarm/.venv/lib/python3.14/site-packages/flask/app.py", line 919, in full_dispatch_request
    rv = self.handle_user_exception(e)
  File "/Users/ernie/MarketSwarm/.venv/lib/python3.14/site-packages/flask/app.py", line 917, in full_dispatch_request
    rv = self.dispatch_request()
  File "/Users/ernie/MarketSwarm/.venv/lib/python3.14/site-packages/flask/app.py", line 902, in dispatch_request
    return self.ensure_sync(self.view_functions[rule.endpoint])(**view_args)  # type: ignore[no-any-return]
           ~~~~~~~~~~~~~~~~~~~~~~~~~~~~~~~~~~~~~~~~~~~~~~~~~~~~^^^^^^^^^^^^^
  File "/Users/ernie/MarketSwarm/scripts/admin_server.py", line 20, in index
    return render_template("index.html")
  File "/Users/ernie/MarketSwarm/.venv/lib/python3.14/site-packages/flask/templating.py", line 149, in render_template
    template = app.jinja_env.get_or_select_template(template_name_or_list)
  File "/Users/ernie/MarketSwarm/.venv/lib/python3.14/site-packages/jinja2/environment.py", line 1087, in get_or_select_template
    return self.get_template(template_name_or_list, parent, globals)
           ~~~~~~~~~~~~~~~~~^^^^^^^^^^^^^^^^^^^^^^^^^^^^^^^^^^^^^^^^
  File "/Users/ernie/MarketSwarm/.venv/lib/python3.14/site-packages/jinja2/environment.py", line 1016, in get_template
    return self._load_template(name, globals)
           ~~~~~~~~~~~~~~~~~~~^^^^^^^^^^^^^^^
  File "/Users/ernie/MarketSwarm/.venv/lib/python3.14/site-packages/jinja2/environment.py", line 975, in _load_template
    template = self.loader.load(self, name, self.make_globals(globals))
  File "/Users/ernie/MarketSwarm/.venv/lib/python3.14/site-packages/jinja2/loaders.py", line 126, in load
    source, filename, uptodate = self.get_source(environment, name)
                                 ~~~~~~~~~~~~~~~^^^^^^^^^^^^^^^^^^^
  File "/Users/ernie/MarketSwarm/.venv/lib/python3.14/site-packages/flask/templating.py", line 65, in get_source
    return self._get_source_fast(environment, template)
           ~~~~~~~~~~~~~~~~~~~~~^^^^^^^^^^^^^^^^^^^^^^^
  File "/Users/ernie/MarketSwarm/.venv/lib/python3.14/site-packages/flask/templating.py", line 99, in _get_source_fast
    raise TemplateNotFound(template)
jinja2.exceptions.TemplateNotFound: index.html
127.0.0.1 - - [20/Nov/2025 00:21:53] "[35m[1mGET / HTTP/1.1[0m" 500 -
[2025-11-20 00:21:54,245] ERROR in app: Exception on / [GET]
Traceback (most recent call last):
  File "/Users/ernie/MarketSwarm/.venv/lib/python3.14/site-packages/flask/app.py", line 1511, in wsgi_app
    response = self.full_dispatch_request()
  File "/Users/ernie/MarketSwarm/.venv/lib/python3.14/site-packages/flask/app.py", line 919, in full_dispatch_request
    rv = self.handle_user_exception(e)
  File "/Users/ernie/MarketSwarm/.venv/lib/python3.14/site-packages/flask/app.py", line 917, in full_dispatch_request
    rv = self.dispatch_request()
  File "/Users/ernie/MarketSwarm/.venv/lib/python3.14/site-packages/flask/app.py", line 902, in dispatch_request
    return self.ensure_sync(self.view_functions[rule.endpoint])(**view_args)  # type: ignore[no-any-return]
           ~~~~~~~~~~~~~~~~~~~~~~~~~~~~~~~~~~~~~~~~~~~~~~~~~~~~^^^^^^^^^^^^^
  File "/Users/ernie/MarketSwarm/scripts/admin_server.py", line 20, in index
    return render_template("index.html")
  File "/Users/ernie/MarketSwarm/.venv/lib/python3.14/site-packages/flask/templating.py", line 149, in render_template
    template = app.jinja_env.get_or_select_template(template_name_or_list)
  File "/Users/ernie/MarketSwarm/.venv/lib/python3.14/site-packages/jinja2/environment.py", line 1087, in get_or_select_template
    return self.get_template(template_name_or_list, parent, globals)
           ~~~~~~~~~~~~~~~~~^^^^^^^^^^^^^^^^^^^^^^^^^^^^^^^^^^^^^^^^
  File "/Users/ernie/MarketSwarm/.venv/lib/python3.14/site-packages/jinja2/environment.py", line 1016, in get_template
    return self._load_template(name, globals)
           ~~~~~~~~~~~~~~~~~~~^^^^^^^^^^^^^^^
  File "/Users/ernie/MarketSwarm/.venv/lib/python3.14/site-packages/jinja2/environment.py", line 975, in _load_template
    template = self.loader.load(self, name, self.make_globals(globals))
  File "/Users/ernie/MarketSwarm/.venv/lib/python3.14/site-packages/jinja2/loaders.py", line 126, in load
    source, filename, uptodate = self.get_source(environment, name)
                                 ~~~~~~~~~~~~~~~^^^^^^^^^^^^^^^^^^^
  File "/Users/ernie/MarketSwarm/.venv/lib/python3.14/site-packages/flask/templating.py", line 65, in get_source
    return self._get_source_fast(environment, template)
           ~~~~~~~~~~~~~~~~~~~~~^^^^^^^^^^^^^^^^^^^^^^^
  File "/Users/ernie/MarketSwarm/.venv/lib/python3.14/site-packages/flask/templating.py", line 99, in _get_source_fast
    raise TemplateNotFound(template)
jinja2.exceptions.TemplateNotFound: index.html
127.0.0.1 - - [20/Nov/2025 00:21:54] "[35m[1mGET / HTTP/1.1[0m" 500 -
[2025-11-20 00:21:55,046] ERROR in app: Exception on / [GET]
Traceback (most recent call last):
  File "/Users/ernie/MarketSwarm/.venv/lib/python3.14/site-packages/flask/app.py", line 1511, in wsgi_app
    response = self.full_dispatch_request()
  File "/Users/ernie/MarketSwarm/.venv/lib/python3.14/site-packages/flask/app.py", line 919, in full_dispatch_request
    rv = self.handle_user_exception(e)
  File "/Users/ernie/MarketSwarm/.venv/lib/python3.14/site-packages/flask/app.py", line 917, in full_dispatch_request
    rv = self.dispatch_request()
  File "/Users/ernie/MarketSwarm/.venv/lib/python3.14/site-packages/flask/app.py", line 902, in dispatch_request
    return self.ensure_sync(self.view_functions[rule.endpoint])(**view_args)  # type: ignore[no-any-return]
           ~~~~~~~~~~~~~~~~~~~~~~~~~~~~~~~~~~~~~~~~~~~~~~~~~~~~^^^^^^^^^^^^^
  File "/Users/ernie/MarketSwarm/scripts/admin_server.py", line 20, in index
    return render_template("index.html")
  File "/Users/ernie/MarketSwarm/.venv/lib/python3.14/site-packages/flask/templating.py", line 149, in render_template
    template = app.jinja_env.get_or_select_template(template_name_or_list)
  File "/Users/ernie/MarketSwarm/.venv/lib/python3.14/site-packages/jinja2/environment.py", line 1087, in get_or_select_template
    return self.get_template(template_name_or_list, parent, globals)
           ~~~~~~~~~~~~~~~~~^^^^^^^^^^^^^^^^^^^^^^^^^^^^^^^^^^^^^^^^
  File "/Users/ernie/MarketSwarm/.venv/lib/python3.14/site-packages/jinja2/environment.py", line 1016, in get_template
    return self._load_template(name, globals)
           ~~~~~~~~~~~~~~~~~~~^^^^^^^^^^^^^^^
  File "/Users/ernie/MarketSwarm/.venv/lib/python3.14/site-packages/jinja2/environment.py", line 975, in _load_template
    template = self.loader.load(self, name, self.make_globals(globals))
  File "/Users/ernie/MarketSwarm/.venv/lib/python3.14/site-packages/jinja2/loaders.py", line 126, in load
    source, filename, uptodate = self.get_source(environment, name)
                                 ~~~~~~~~~~~~~~~^^^^^^^^^^^^^^^^^^^
  File "/Users/ernie/MarketSwarm/.venv/lib/python3.14/site-packages/flask/templating.py", line 65, in get_source
    return self._get_source_fast(environment, template)
           ~~~~~~~~~~~~~~~~~~~~~^^^^^^^^^^^^^^^^^^^^^^^
  File "/Users/ernie/MarketSwarm/.venv/lib/python3.14/site-packages/flask/templating.py", line 99, in _get_source_fast
    raise TemplateNotFound(template)
jinja2.exceptions.TemplateNotFound: index.html
127.0.0.1 - - [20/Nov/2025 00:21:55] "[35m[1mGET / HTTP/1.1[0m" 500 -
127.0.0.1 - - [20/Nov/2025 00:24:33] "GET / HTTP/1.1" 200 -
127.0.0.1 - - [20/Nov/2025 00:24:33] "GET /api/articles HTTP/1.1" 200 -
127.0.0.1 - - [20/Nov/2025 00:24:33] "GET /api/status HTTP/1.1" 200 -
127.0.0.1 - - [20/Nov/2025 00:24:49] "GET /api/toggle/canonical/0 HTTP/1.1" 200 -
127.0.0.1 - - [20/Nov/2025 00:24:49] "GET /stream HTTP/1.1" 200 -
127.0.0.1 - - [20/Nov/2025 00:24:49] "GET /api/articles HTTP/1.1" 200 -
127.0.0.1 - - [20/Nov/2025 00:24:49] "GET /api/status HTTP/1.1" 200 -
127.0.0.1 - - [20/Nov/2025 00:24:50] "GET /api/toggle/canonical/1 HTTP/1.1" 200 -
127.0.0.1 - - [20/Nov/2025 00:24:50] "GET /api/articles HTTP/1.1" 200 -
127.0.0.1 - - [20/Nov/2025 00:24:50] "GET /api/status HTTP/1.1" 200 -
127.0.0.1 - - [20/Nov/2025 00:28:40] "GET / HTTP/1.1" 200 -
127.0.0.1 - - [20/Nov/2025 00:28:40] "GET /api/articles HTTP/1.1" 200 -
127.0.0.1 - - [20/Nov/2025 00:28:40] "GET /api/status HTTP/1.1" 200 -
127.0.0.1 - - [20/Nov/2025 00:28:42] "GET / HTTP/1.1" 200 -
127.0.0.1 - - [20/Nov/2025 00:28:42] "GET /api/articles HTTP/1.1" 200 -
127.0.0.1 - - [20/Nov/2025 00:28:42] "GET /api/status HTTP/1.1" 200 -
127.0.0.1 - - [20/Nov/2025 00:34:59] "GET / HTTP/1.1" 200 -
127.0.0.1 - - [20/Nov/2025 00:34:59] "GET /api/articles HTTP/1.1" 200 -
127.0.0.1 - - [20/Nov/2025 00:34:59] "GET /api/status HTTP/1.1" 200 -
127.0.0.1 - - [20/Nov/2025 00:35:01] "GET / HTTP/1.1" 200 -
127.0.0.1 - - [20/Nov/2025 00:35:01] "GET /api/articles HTTP/1.1" 200 -
127.0.0.1 - - [20/Nov/2025 00:35:01] "GET /api/status HTTP/1.1" 200 -
127.0.0.1 - - [20/Nov/2025 00:36:37] "GET / HTTP/1.1" 200 -
127.0.0.1 - - [20/Nov/2025 00:36:37] "GET /api/articles HTTP/1.1" 200 -
127.0.0.1 - - [20/Nov/2025 00:36:37] "GET /api/status HTTP/1.1" 200 -
127.0.0.1 - - [20/Nov/2025 00:39:34] "GET / HTTP/1.1" 200 -
127.0.0.1 - - [20/Nov/2025 00:39:34] "GET /api/articles HTTP/1.1" 200 -
127.0.0.1 - - [20/Nov/2025 00:39:34] "GET /api/status HTTP/1.1" 200 -
127.0.0.1 - - [20/Nov/2025 00:39:36] "GET / HTTP/1.1" 200 -
127.0.0.1 - - [20/Nov/2025 00:39:36] "GET /api/status HTTP/1.1" 200 -
127.0.0.1 - - [20/Nov/2025 00:39:36] "GET /api/articles HTTP/1.1" 200 -
127.0.0.1 - - [20/Nov/2025 00:39:37] "GET / HTTP/1.1" 200 -
127.0.0.1 - - [20/Nov/2025 00:39:37] "GET /api/articles HTTP/1.1" 200 -
127.0.0.1 - - [20/Nov/2025 00:39:37] "GET /api/status HTTP/1.1" 200 -
MarketSwarm Admin UI → http://localhost:5001
 * Serving Flask app 'admin_server'
 * Debug mode: off
[31m[1mWARNING: This is a development server. Do not use it in a production deployment. Use a production WSGI server instead.[0m
 * Running on all addresses (0.0.0.0)
 * Running on http://127.0.0.1:5001
 * Running on http://192.168.1.112:5001
[33mPress CTRL+C to quit[0m
127.0.0.1 - - [20/Nov/2025 00:43:27] "GET / HTTP/1.1" 200 -
127.0.0.1 - - [20/Nov/2025 00:43:27] "GET /api/articles HTTP/1.1" 200 -
127.0.0.1 - - [20/Nov/2025 00:43:27] "GET /api/status HTTP/1.1" 200 -
127.0.0.1 - - [20/Nov/2025 00:43:28] "GET / HTTP/1.1" 200 -
127.0.0.1 - - [20/Nov/2025 00:43:28] "GET /api/status HTTP/1.1" 200 -
127.0.0.1 - - [20/Nov/2025 00:43:28] "GET /api/articles HTTP/1.1" 200 -
Traceback (most recent call last):
  File "/Users/ernie/MarketSwarm/scripts/admin_server.py", line 82, in <module>
    @app.route("/api/articles")
     ~~~~~~~~~^^^^^^^^^^^^^^^^^
  File "/Users/ernie/MarketSwarm/.venv/lib/python3.14/site-packages/flask/sansio/scaffold.py", line 362, in decorator
    self.add_url_rule(rule, endpoint, f, **options)
    ~~~~~~~~~~~~~~~~~^^^^^^^^^^^^^^^^^^^^^^^^^^^^^^
  File "/Users/ernie/MarketSwarm/.venv/lib/python3.14/site-packages/flask/sansio/scaffold.py", line 47, in wrapper_func
    return f(self, *args, **kwargs)
  File "/Users/ernie/MarketSwarm/.venv/lib/python3.14/site-packages/flask/sansio/app.py", line 657, in add_url_rule
    raise AssertionError(
    ...<2 lines>...
    )
AssertionError: View function mapping is overwriting an existing endpoint function: articles
Traceback (most recent call last):
  File "/Users/ernie/MarketSwarm/scripts/admin_server.py", line 82, in <module>
    @app.route("/api/articles")
     ~~~~~~~~~^^^^^^^^^^^^^^^^^
  File "/Users/ernie/MarketSwarm/.venv/lib/python3.14/site-packages/flask/sansio/scaffold.py", line 362, in decorator
    self.add_url_rule(rule, endpoint, f, **options)
    ~~~~~~~~~~~~~~~~~^^^^^^^^^^^^^^^^^^^^^^^^^^^^^^
  File "/Users/ernie/MarketSwarm/.venv/lib/python3.14/site-packages/flask/sansio/scaffold.py", line 47, in wrapper_func
    return f(self, *args, **kwargs)
  File "/Users/ernie/MarketSwarm/.venv/lib/python3.14/site-packages/flask/sansio/app.py", line 657, in add_url_rule
    raise AssertionError(
    ...<2 lines>...
    )
AssertionError: View function mapping is overwriting an existing endpoint function: articles
MarketSwarm Admin UI → http://localhost:5001
 * Serving Flask app 'admin_server'
 * Debug mode: off
[31m[1mWARNING: This is a development server. Do not use it in a production deployment. Use a production WSGI server instead.[0m
 * Running on all addresses (0.0.0.0)
 * Running on http://127.0.0.1:5001
 * Running on http://192.168.1.112:5001
[33mPress CTRL+C to quit[0m
127.0.0.1 - - [20/Nov/2025 00:49:13] "GET / HTTP/1.1" 200 -
127.0.0.1 - - [20/Nov/2025 00:49:14] "GET /api/articles HTTP/1.1" 200 -
127.0.0.1 - - [20/Nov/2025 00:49:14] "GET /api/status HTTP/1.1" 200 -
MarketSwarm Admin UI → http://localhost:5001
 * Serving Flask app 'admin_server'
 * Debug mode: on
[31m[1mWARNING: This is a development server. Do not use it in a production deployment. Use a production WSGI server instead.[0m
 * Running on all addresses (0.0.0.0)
 * Running on http://127.0.0.1:5001
 * Running on http://192.168.1.112:5001
[33mPress CTRL+C to quit[0m
 * Restarting with stat
 * Debugger is active!
 * Debugger PIN: 927-173-113
127.0.0.1 - - [20/Nov/2025 00:50:56] "GET / HTTP/1.1" 200 -
127.0.0.1 - - [20/Nov/2025 00:50:56] "GET /api/status HTTP/1.1" 200 -
127.0.0.1 - - [20/Nov/2025 00:50:56] "GET /api/articles HTTP/1.1" 200 -
127.0.0.1 - - [20/Nov/2025 00:50:57] "GET / HTTP/1.1" 200 -
127.0.0.1 - - [20/Nov/2025 00:50:58] "GET /api/status HTTP/1.1" 200 -
127.0.0.1 - - [20/Nov/2025 00:50:58] "GET /api/articles HTTP/1.1" 200 -
 * Detected change in '/Users/ernie/MarketSwarm/scripts/admin_server.py', reloading
MarketSwarm Admin UI → http://localhost:5001
[admin] Scanning for enriched articles...
[admin] Pattern 'rss:article_enriched:*' found 0 keys
[admin] Pattern 'rss:article:*' found 0 keys
[admin] Pattern 'article_enriched:*' found 0 keys
[admin] Pattern 'enriched:*' found 0 keys
[admin] Pattern '*enriched*' found 1 keys
[admin] Total unique keys to check: 1
[admin] Checking key: rss:article_enriched_index
[admin] Error reading rss:article_enriched_index: WRONGTYPE Operation against a key holding the wrong kind of value
[admin] Final result count: 0
[admin] Scanning for enriched articles...
[admin] Pattern 'rss:article_enriched:*' found 0 keys
[admin] Pattern 'rss:article:*' found 0 keys
[admin] Pattern 'article_enriched:*' found 0 keys
[admin] Pattern 'enriched:*' found 0 keys
[admin] Pattern '*enriched*' found 1 keys
[admin] Total unique keys to check: 1
[admin] Checking key: rss:article_enriched_index
[admin] Error reading rss:article_enriched_index: WRONGTYPE Operation against a key holding the wrong kind of value
[admin] Final result count: 0
 * Restarting with stat
Traceback (most recent call last):
  File "/Users/ernie/MarketSwarm/scripts/admin_server.py", line 91, in <module>
    @app.route("/api/articles")
     ~~~~~~~~~^^^^^^^^^^^^^^^^^
  File "/Users/ernie/MarketSwarm/.venv/lib/python3.14/site-packages/flask/sansio/scaffold.py", line 362, in decorator
    self.add_url_rule(rule, endpoint, f, **options)
    ~~~~~~~~~~~~~~~~~^^^^^^^^^^^^^^^^^^^^^^^^^^^^^^
  File "/Users/ernie/MarketSwarm/.venv/lib/python3.14/site-packages/flask/sansio/scaffold.py", line 47, in wrapper_func
    return f(self, *args, **kwargs)
  File "/Users/ernie/MarketSwarm/.venv/lib/python3.14/site-packages/flask/sansio/app.py", line 657, in add_url_rule
    raise AssertionError(
    ...<2 lines>...
    )
AssertionError: View function mapping is overwriting an existing endpoint function: articles
Traceback (most recent call last):
  File "/Users/ernie/MarketSwarm/scripts/admin_server.py", line 91, in <module>
    @app.route("/api/articles")
     ~~~~~~~~~^^^^^^^^^^^^^^^^^
  File "/Users/ernie/MarketSwarm/.venv/lib/python3.14/site-packages/flask/sansio/scaffold.py", line 362, in decorator
    self.add_url_rule(rule, endpoint, f, **options)
    ~~~~~~~~~~~~~~~~~^^^^^^^^^^^^^^^^^^^^^^^^^^^^^^
  File "/Users/ernie/MarketSwarm/.venv/lib/python3.14/site-packages/flask/sansio/scaffold.py", line 47, in wrapper_func
    return f(self, *args, **kwargs)
  File "/Users/ernie/MarketSwarm/.venv/lib/python3.14/site-packages/flask/sansio/app.py", line 657, in add_url_rule
    raise AssertionError(
    ...<2 lines>...
    )
AssertionError: View function mapping is overwriting an existing endpoint function: articles
MarketSwarm Admin UI → http://localhost:5001
 * Serving Flask app 'admin_server'
 * Debug mode: on
[31m[1mWARNING: This is a development server. Do not use it in a production deployment. Use a production WSGI server instead.[0m
 * Running on all addresses (0.0.0.0)
 * Running on http://127.0.0.1:5001
 * Running on http://192.168.1.112:5001
[33mPress CTRL+C to quit[0m
 * Restarting with stat
 * Debugger is active!
 * Debugger PIN: 927-173-113
127.0.0.1 - - [20/Nov/2025 00:52:50] "GET / HTTP/1.1" 200 -
127.0.0.1 - - [20/Nov/2025 00:52:51] "GET /api/status HTTP/1.1" 200 -
127.0.0.1 - - [20/Nov/2025 00:52:51] "GET /api/articles HTTP/1.1" 200 -
 * Detected change in '/Users/ernie/MarketSwarm/scripts/admin_server.py', reloading
MarketSwarm Admin UI → http://localhost:5001
[admin] Scanning for enriched articles...
[admin] Pattern 'rss:article_enriched:*' found 0 keys
[admin] Pattern 'rss:article:*' found 0 keys
[admin] Pattern 'article_enriched:*' found 0 keys
[admin] Pattern 'enriched:*' found 0 keys
[admin] Pattern '*enriched*' found 1 keys
[admin] Total unique keys to check: 1
[admin] Checking key: rss:article_enriched_index
[admin] Error reading rss:article_enriched_index: WRONGTYPE Operation against a key holding the wrong kind of value
[admin] Final result count: 0
 * Restarting with stat
Traceback (most recent call last):
  File "/Users/ernie/MarketSwarm/scripts/admin_server.py", line 91, in <module>
    @app.route("/api/articles")
     ~~~~~~~~~^^^^^^^^^^^^^^^^^
  File "/Users/ernie/MarketSwarm/.venv/lib/python3.14/site-packages/flask/sansio/scaffold.py", line 362, in decorator
    self.add_url_rule(rule, endpoint, f, **options)
    ~~~~~~~~~~~~~~~~~^^^^^^^^^^^^^^^^^^^^^^^^^^^^^^
  File "/Users/ernie/MarketSwarm/.venv/lib/python3.14/site-packages/flask/sansio/scaffold.py", line 47, in wrapper_func
    return f(self, *args, **kwargs)
  File "/Users/ernie/MarketSwarm/.venv/lib/python3.14/site-packages/flask/sansio/app.py", line 657, in add_url_rule
    raise AssertionError(
    ...<2 lines>...
    )
AssertionError: View function mapping is overwriting an existing endpoint function: articles
Traceback (most recent call last):
  File "/Users/ernie/MarketSwarm/scripts/admin_server.py", line 91, in <module>
    @app.route("/api/articles")
     ~~~~~~~~~^^^^^^^^^^^^^^^^^
  File "/Users/ernie/MarketSwarm/.venv/lib/python3.14/site-packages/flask/sansio/scaffold.py", line 362, in decorator
    self.add_url_rule(rule, endpoint, f, **options)
    ~~~~~~~~~~~~~~~~~^^^^^^^^^^^^^^^^^^^^^^^^^^^^^^
  File "/Users/ernie/MarketSwarm/.venv/lib/python3.14/site-packages/flask/sansio/scaffold.py", line 47, in wrapper_func
    return f(self, *args, **kwargs)
  File "/Users/ernie/MarketSwarm/.venv/lib/python3.14/site-packages/flask/sansio/app.py", line 657, in add_url_rule
    raise AssertionError(
    ...<2 lines>...
    )
AssertionError: View function mapping is overwriting an existing endpoint function: articles
MarketSwarm Admin UI → http://localhost:5001
 * Serving Flask app 'admin_server'
 * Debug mode: on
[31m[1mWARNING: This is a development server. Do not use it in a production deployment. Use a production WSGI server instead.[0m
 * Running on all addresses (0.0.0.0)
 * Running on http://127.0.0.1:5001
 * Running on http://192.168.1.112:5001
[33mPress CTRL+C to quit[0m
 * Restarting with stat
 * Debugger is active!
 * Debugger PIN: 927-173-113
127.0.0.1 - - [20/Nov/2025 00:55:41] "GET / HTTP/1.1" 200 -
127.0.0.1 - - [20/Nov/2025 00:55:41] "GET /api/status HTTP/1.1" 200 -
127.0.0.1 - - [20/Nov/2025 00:55:41] "GET /api/articles HTTP/1.1" 200 -
MarketSwarm Admin UI → http://localhost:5001
 * Serving Flask app 'admin_server'
 * Debug mode: on
[31m[1mWARNING: This is a development server. Do not use it in a production deployment. Use a production WSGI server instead.[0m
 * Running on all addresses (0.0.0.0)
 * Running on http://127.0.0.1:5001
 * Running on http://192.168.1.112:5001
[33mPress CTRL+C to quit[0m
 * Restarting with stat
 * Debugger is active!
 * Debugger PIN: 927-173-113
 * Detected change in '/Users/ernie/MarketSwarm/scripts/build_truth.py', reloading
MarketSwarm Admin UI → http://localhost:5001
 * Restarting with stat
 * Debugger is active!
 * Debugger PIN: 927-173-113
 * Detected change in '/Users/ernie/MarketSwarm/scripts/build_truth.py', reloading
MarketSwarm Admin UI → http://localhost:5001
 * Restarting with stat
 * Debugger is active!
 * Debugger PIN: 927-173-113
 * Detected change in '/Users/ernie/MarketSwarm/scripts/build_truth.py', reloading
MarketSwarm Admin UI → http://localhost:5001
 * Restarting with stat
 * Debugger is active!
 * Debugger PIN: 927-173-113
 * Detected change in '/Users/ernie/MarketSwarm/scripts/build_truth.py', reloading
MarketSwarm Admin UI → http://localhost:5001
 * Restarting with stat
 * Debugger is active!
 * Debugger PIN: 927-173-113
 * Detected change in '/Users/ernie/MarketSwarm/scripts/build_truth.py', reloading
MarketSwarm Admin UI → http://localhost:5001
 * Restarting with stat
 * Debugger is active!
 * Debugger PIN: 927-173-113
 * Detected change in '/Users/ernie/MarketSwarm/scripts/build_truth.py', reloading
MarketSwarm Admin UI → http://localhost:5001
 * Restarting with stat
 * Debugger is active!
 * Debugger PIN: 927-173-113
